<?xml version="1.0" encoding="windows-1252" standalone="no"?>
<!DOCTYPE log SYSTEM "logger.dtd">
<log>
<record>
  <date>2015-08-13T09:17:58</date>
  <millis>1439421478950</millis>
  <sequence>6</sequence>
  <logger>ESPlorer.ESPlorer</logger>
  <level>INFO</level>
  <class>ESPlorer.ESPlorer</class>
  <method>log</method>
  <thread>16</thread>
  <message>Set new color theme: Success.</message>
</record>
<record>
  <date>2015-08-13T09:17:58</date>
  <millis>1439421478954</millis>
  <sequence>7</sequence>
  <logger>ESPlorer.ESPlorer</logger>
  <level>INFO</level>
  <class>ESPlorer.ESPlorer</class>
  <method>log</method>
  <thread>16</thread>
  <message>Load saved settings: DONE.</message>
</record>
<record>
  <date>2015-08-13T09:17:58</date>
  <millis>1439421478955</millis>
  <sequence>8</sequence>
  <logger>ESPlorer.ESPlorer</logger>
  <level>INFO</level>
  <class>ESPlorer.ESPlorer</class>
  <method>log</method>
  <thread>16</thread>
  <message>Snippets (LUA): loading...</message>
</record>
<record>
  <date>2015-08-13T09:17:58</date>
  <millis>1439421478958</millis>
  <sequence>9</sequence>
  <logger>ESPlorer.ESPlorer</logger>
  <level>INFO</level>
  <class>ESPlorer.ESPlorer</class>
  <method>log</method>
  <thread>16</thread>
  <message>Snippets (LUA) load: Success.</message>
</record>
<record>
  <date>2015-08-13T09:17:59</date>
  <millis>1439421479313</millis>
  <sequence>10</sequence>
  <logger>ESPlorer.ESPlorer</logger>
  <level>INFO</level>
  <class>ESPlorer.ESPlorer</class>
  <method>log</method>
  <thread>16</thread>
  <message>Scan system...</message>
</record>
<record>
  <date>2015-08-13T09:17:59</date>
  <millis>1439421479340</millis>
  <sequence>11</sequence>
  <logger>ESPlorer.ESPlorer</logger>
  <level>INFO</level>
  <class>ESPlorer.ESPlorer</class>
  <method>log</method>
  <thread>16</thread>
  <message>Could not find any serial port. Please, connect device and ReScan</message>
</record>
<record>
  <date>2015-08-13T09:17:59</date>
  <millis>1439421479342</millis>
  <sequence>12</sequence>
  <logger>ESPlorer.ESPlorer</logger>
  <level>INFO</level>
  <class>ESPlorer.ESPlorer</class>
  <method>log</method>
  <thread>16</thread>
  <message>Scan done.</message>
</record>
<record>
  <date>2015-08-13T09:18:42</date>
  <millis>1439421522377</millis>
  <sequence>13</sequence>
  <logger>ESPlorer.ESPlorer</logger>
  <level>INFO</level>
  <class>ESPlorer.ESPlorer</class>
  <method>log</method>
  <thread>16</thread>
  <message>Try to open file init.lua</message>
</record>
<record>
  <date>2015-08-13T09:18:42</date>
  <millis>1439421522379</millis>
  <sequence>14</sequence>
  <logger>ESPlorer.ESPlorer</logger>
  <level>INFO</level>
  <class>ESPlorer.ESPlorer</class>
  <method>log</method>
  <thread>16</thread>
  <message>File name: C:\Users\lbrown53\Documents\MainProject\ESPlorer\_lua\init.lua</message>
</record>
<record>
  <date>2015-08-13T09:18:42</date>
  <millis>1439421522385</millis>
  <sequence>15</sequence>
  <logger>ESPlorer.ESPlorer</logger>
  <level>INFO</level>
  <class>ESPlorer.ESPlorer</class>
  <method>log</method>
  <thread>16</thread>
  <message>Try to load file init.lua</message>
</record>
<record>
  <date>2015-08-13T09:18:42</date>
  <millis>1439421522452</millis>
  <sequence>16</sequence>
  <logger>ESPlorer.ESPlorer</logger>
  <level>INFO</level>
  <class>ESPlorer.ESPlorer</class>
  <method>log</method>
  <thread>16</thread>
  <message>Loading init.lua: Success.</message>
</record>
<record>
  <date>2015-08-13T09:18:42</date>
  <millis>1439421522454</millis>
  <sequence>17</sequence>
  <logger>ESPlorer.ESPlorer</logger>
  <level>INFO</level>
  <class>ESPlorer.ESPlorer</class>
  <method>log</method>
  <thread>16</thread>
  <message>Open "init.lua": Success.</message>
</record>
<record>
  <date>2015-08-13T09:18:44</date>
  <millis>1439421524424</millis>
  <sequence>18</sequence>
  <logger>ESPlorer.ESPlorer</logger>
  <level>INFO</level>
  <class>ESPlorer.ESPlorer</class>
  <method>log</method>
  <thread>16</thread>
  <message>Try to open file Main.lua</message>
</record>
<record>
  <date>2015-08-13T09:18:44</date>
  <millis>1439421524425</millis>
  <sequence>19</sequence>
  <logger>ESPlorer.ESPlorer</logger>
  <level>INFO</level>
  <class>ESPlorer.ESPlorer</class>
  <method>log</method>
  <thread>16</thread>
  <message>File name: C:\Users\lbrown53\Documents\MainProject\ESPlorer\_lua\Main.lua</message>
</record>
<record>
  <date>2015-08-13T09:18:44</date>
  <millis>1439421524427</millis>
  <sequence>20</sequence>
  <logger>ESPlorer.ESPlorer</logger>
  <level>INFO</level>
  <class>ESPlorer.ESPlorer</class>
  <method>log</method>
  <thread>16</thread>
  <message>Try to load file Main.lua</message>
</record>
<record>
  <date>2015-08-13T09:18:44</date>
  <millis>1439421524445</millis>
  <sequence>21</sequence>
  <logger>ESPlorer.ESPlorer</logger>
  <level>INFO</level>
  <class>ESPlorer.ESPlorer</class>
  <method>log</method>
  <thread>16</thread>
  <message>Loading Main.lua: Success.</message>
</record>
<record>
  <date>2015-08-13T09:18:44</date>
  <millis>1439421524447</millis>
  <sequence>22</sequence>
  <logger>ESPlorer.ESPlorer</logger>
  <level>INFO</level>
  <class>ESPlorer.ESPlorer</class>
  <method>log</method>
  <thread>16</thread>
  <message>Open "Main.lua": Success.</message>
</record>
<record>
  <date>2015-08-13T09:19:20</date>
  <millis>1439421560605</millis>
  <sequence>23</sequence>
  <logger>ESPlorer.ESPlorer</logger>
  <level>INFO</level>
  <class>ESPlorer.ESPlorer</class>
  <method>log</method>
  <thread>16</thread>
  <message>Try to open file player1.lua</message>
</record>
<record>
  <date>2015-08-13T09:19:20</date>
  <millis>1439421560607</millis>
  <sequence>24</sequence>
  <logger>ESPlorer.ESPlorer</logger>
  <level>INFO</level>
  <class>ESPlorer.ESPlorer</class>
  <method>log</method>
  <thread>16</thread>
  <message>File name: C:\Users\lbrown53\Documents\MainProject\ESPlorer\_lua\player1.lua</message>
</record>
<record>
  <date>2015-08-13T09:19:20</date>
  <millis>1439421560608</millis>
  <sequence>25</sequence>
  <logger>ESPlorer.ESPlorer</logger>
  <level>INFO</level>
  <class>ESPlorer.ESPlorer</class>
  <method>log</method>
  <thread>16</thread>
  <message>Try to load file player1.lua</message>
</record>
<record>
  <date>2015-08-13T09:19:20</date>
  <millis>1439421560619</millis>
  <sequence>26</sequence>
  <logger>ESPlorer.ESPlorer</logger>
  <level>INFO</level>
  <class>ESPlorer.ESPlorer</class>
  <method>log</method>
  <thread>16</thread>
  <message>Loading player1.lua: Success.</message>
</record>
<record>
  <date>2015-08-13T09:19:20</date>
  <millis>1439421560620</millis>
  <sequence>27</sequence>
  <logger>ESPlorer.ESPlorer</logger>
  <level>INFO</level>
  <class>ESPlorer.ESPlorer</class>
  <method>log</method>
  <thread>16</thread>
  <message>Open "player1.lua": Success.</message>
</record>
<record>
  <date>2015-08-13T09:19:23</date>
  <millis>1439421563540</millis>
  <sequence>28</sequence>
  <logger>ESPlorer.ESPlorer</logger>
  <level>INFO</level>
  <class>ESPlorer.ESPlorer</class>
  <method>log</method>
  <thread>16</thread>
  <message>Try to open file player2.lua</message>
</record>
<record>
  <date>2015-08-13T09:19:23</date>
  <millis>1439421563542</millis>
  <sequence>29</sequence>
  <logger>ESPlorer.ESPlorer</logger>
  <level>INFO</level>
  <class>ESPlorer.ESPlorer</class>
  <method>log</method>
  <thread>16</thread>
  <message>File name: C:\Users\lbrown53\Documents\MainProject\ESPlorer\_lua\player2.lua</message>
</record>
<record>
  <date>2015-08-13T09:19:23</date>
  <millis>1439421563543</millis>
  <sequence>30</sequence>
  <logger>ESPlorer.ESPlorer</logger>
  <level>INFO</level>
  <class>ESPlorer.ESPlorer</class>
  <method>log</method>
  <thread>16</thread>
  <message>Try to load file player2.lua</message>
</record>
<record>
  <date>2015-08-13T09:19:23</date>
  <millis>1439421563553</millis>
  <sequence>31</sequence>
  <logger>ESPlorer.ESPlorer</logger>
  <level>INFO</level>
  <class>ESPlorer.ESPlorer</class>
  <method>log</method>
  <thread>16</thread>
  <message>Loading player2.lua: Success.</message>
</record>
<record>
  <date>2015-08-13T09:19:23</date>
  <millis>1439421563554</millis>
  <sequence>32</sequence>
  <logger>ESPlorer.ESPlorer</logger>
  <level>INFO</level>
  <class>ESPlorer.ESPlorer</class>
  <method>log</method>
  <thread>16</thread>
  <message>Open "player2.lua": Success.</message>
</record>
<record>
  <date>2015-08-13T09:19:25</date>
  <millis>1439421565686</millis>
  <sequence>33</sequence>
  <logger>ESPlorer.ESPlorer</logger>
  <level>INFO</level>
  <class>ESPlorer.ESPlorer</class>
  <method>log</method>
  <thread>16</thread>
  <message>Try to open file player3.lua</message>
</record>
<record>
  <date>2015-08-13T09:19:25</date>
  <millis>1439421565687</millis>
  <sequence>34</sequence>
  <logger>ESPlorer.ESPlorer</logger>
  <level>INFO</level>
  <class>ESPlorer.ESPlorer</class>
  <method>log</method>
  <thread>16</thread>
  <message>File name: C:\Users\lbrown53\Documents\MainProject\ESPlorer\_lua\player3.lua</message>
</record>
<record>
  <date>2015-08-13T09:19:25</date>
  <millis>1439421565688</millis>
  <sequence>35</sequence>
  <logger>ESPlorer.ESPlorer</logger>
  <level>INFO</level>
  <class>ESPlorer.ESPlorer</class>
  <method>log</method>
  <thread>16</thread>
  <message>Try to load file player3.lua</message>
</record>
<record>
  <date>2015-08-13T09:19:25</date>
  <millis>1439421565698</millis>
  <sequence>36</sequence>
  <logger>ESPlorer.ESPlorer</logger>
  <level>INFO</level>
  <class>ESPlorer.ESPlorer</class>
  <method>log</method>
  <thread>16</thread>
  <message>Loading player3.lua: Success.</message>
</record>
<record>
  <date>2015-08-13T09:19:25</date>
  <millis>1439421565699</millis>
  <sequence>37</sequence>
  <logger>ESPlorer.ESPlorer</logger>
  <level>INFO</level>
  <class>ESPlorer.ESPlorer</class>
  <method>log</method>
  <thread>16</thread>
  <message>Open "player3.lua": Success.</message>
</record>
<record>
  <date>2015-08-13T09:19:28</date>
  <millis>1439421568117</millis>
  <sequence>38</sequence>
  <logger>ESPlorer.ESPlorer</logger>
  <level>INFO</level>
  <class>ESPlorer.ESPlorer</class>
  <method>log</method>
  <thread>16</thread>
  <message>Try to open file player4.lua</message>
</record>
<record>
  <date>2015-08-13T09:19:28</date>
  <millis>1439421568119</millis>
  <sequence>39</sequence>
  <logger>ESPlorer.ESPlorer</logger>
  <level>INFO</level>
  <class>ESPlorer.ESPlorer</class>
  <method>log</method>
  <thread>16</thread>
  <message>File name: C:\Users\lbrown53\Documents\MainProject\ESPlorer\_lua\player4.lua</message>
</record>
<record>
  <date>2015-08-13T09:19:28</date>
  <millis>1439421568120</millis>
  <sequence>40</sequence>
  <logger>ESPlorer.ESPlorer</logger>
  <level>INFO</level>
  <class>ESPlorer.ESPlorer</class>
  <method>log</method>
  <thread>16</thread>
  <message>Try to load file player4.lua</message>
</record>
<record>
  <date>2015-08-13T09:19:28</date>
  <millis>1439421568129</millis>
  <sequence>41</sequence>
  <logger>ESPlorer.ESPlorer</logger>
  <level>INFO</level>
  <class>ESPlorer.ESPlorer</class>
  <method>log</method>
  <thread>16</thread>
  <message>Loading player4.lua: Success.</message>
</record>
<record>
  <date>2015-08-13T09:19:28</date>
  <millis>1439421568130</millis>
  <sequence>42</sequence>
  <logger>ESPlorer.ESPlorer</logger>
  <level>INFO</level>
  <class>ESPlorer.ESPlorer</class>
  <method>log</method>
  <thread>16</thread>
  <message>Open "player4.lua": Success.</message>
</record>
<record>
  <date>2015-08-13T09:19:45</date>
  <millis>1439421585992</millis>
  <sequence>43</sequence>
  <logger>ESPlorer.ESPlorer</logger>
  <level>INFO</level>
  <class>ESPlorer.ESPlorer</class>
  <method>log</method>
  <thread>16</thread>
  <message>Try to open file ServerFuncs1.lua</message>
</record>
<record>
  <date>2015-08-13T09:19:45</date>
  <millis>1439421585994</millis>
  <sequence>44</sequence>
  <logger>ESPlorer.ESPlorer</logger>
  <level>INFO</level>
  <class>ESPlorer.ESPlorer</class>
  <method>log</method>
  <thread>16</thread>
  <message>File name: C:\Users\lbrown53\Documents\MainProject\ESPlorer\_lua\ServerFuncs1.lua</message>
</record>
<record>
  <date>2015-08-13T09:19:45</date>
  <millis>1439421585995</millis>
  <sequence>45</sequence>
  <logger>ESPlorer.ESPlorer</logger>
  <level>INFO</level>
  <class>ESPlorer.ESPlorer</class>
  <method>log</method>
  <thread>16</thread>
  <message>Try to load file ServerFuncs1.lua</message>
</record>
<record>
  <date>2015-08-13T09:19:46</date>
  <millis>1439421586008</millis>
  <sequence>46</sequence>
  <logger>ESPlorer.ESPlorer</logger>
  <level>INFO</level>
  <class>ESPlorer.ESPlorer</class>
  <method>log</method>
  <thread>16</thread>
  <message>Loading ServerFuncs1.lua: Success.</message>
</record>
<record>
  <date>2015-08-13T09:19:46</date>
  <millis>1439421586009</millis>
  <sequence>47</sequence>
  <logger>ESPlorer.ESPlorer</logger>
  <level>INFO</level>
  <class>ESPlorer.ESPlorer</class>
  <method>log</method>
  <thread>16</thread>
  <message>Open "ServerFuncs1.lua": Success.</message>
</record>
<record>
  <date>2015-08-13T09:19:48</date>
  <millis>1439421588488</millis>
  <sequence>48</sequence>
  <logger>ESPlorer.ESPlorer</logger>
  <level>INFO</level>
  <class>ESPlorer.ESPlorer</class>
  <method>log</method>
  <thread>16</thread>
  <message>Try to open file ServerFuncs2.lua</message>
</record>
<record>
  <date>2015-08-13T09:19:48</date>
  <millis>1439421588489</millis>
  <sequence>49</sequence>
  <logger>ESPlorer.ESPlorer</logger>
  <level>INFO</level>
  <class>ESPlorer.ESPlorer</class>
  <method>log</method>
  <thread>16</thread>
  <message>File name: C:\Users\lbrown53\Documents\MainProject\ESPlorer\_lua\ServerFuncs2.lua</message>
</record>
<record>
  <date>2015-08-13T09:19:48</date>
  <millis>1439421588490</millis>
  <sequence>50</sequence>
  <logger>ESPlorer.ESPlorer</logger>
  <level>INFO</level>
  <class>ESPlorer.ESPlorer</class>
  <method>log</method>
  <thread>16</thread>
  <message>Try to load file ServerFuncs2.lua</message>
</record>
<record>
  <date>2015-08-13T09:19:48</date>
  <millis>1439421588499</millis>
  <sequence>51</sequence>
  <logger>ESPlorer.ESPlorer</logger>
  <level>INFO</level>
  <class>ESPlorer.ESPlorer</class>
  <method>log</method>
  <thread>16</thread>
  <message>Loading ServerFuncs2.lua: Success.</message>
</record>
<record>
  <date>2015-08-13T09:19:48</date>
  <millis>1439421588500</millis>
  <sequence>52</sequence>
  <logger>ESPlorer.ESPlorer</logger>
  <level>INFO</level>
  <class>ESPlorer.ESPlorer</class>
  <method>log</method>
  <thread>16</thread>
  <message>Open "ServerFuncs2.lua": Success.</message>
</record>
<record>
  <date>2015-08-13T09:55:09</date>
  <millis>1439423709589</millis>
  <sequence>53</sequence>
  <logger>ESPlorer.ESPlorer</logger>
  <level>INFO</level>
  <class>ESPlorer.ESPlorer</class>
  <method>log</method>
  <thread>16</thread>
  <message>Try to open file GamePrefsServerFuncs.lua</message>
</record>
<record>
  <date>2015-08-13T09:55:09</date>
  <millis>1439423709590</millis>
  <sequence>54</sequence>
  <logger>ESPlorer.ESPlorer</logger>
  <level>INFO</level>
  <class>ESPlorer.ESPlorer</class>
  <method>log</method>
  <thread>16</thread>
  <message>File name: C:\Users\lbrown53\Documents\MainProject\ESPlorer\_lua\GamePrefsServerFuncs.lua</message>
</record>
<record>
  <date>2015-08-13T09:55:09</date>
  <millis>1439423709593</millis>
  <sequence>55</sequence>
  <logger>ESPlorer.ESPlorer</logger>
  <level>INFO</level>
  <class>ESPlorer.ESPlorer</class>
  <method>log</method>
  <thread>16</thread>
  <message>Try to load file GamePrefsServerFuncs.lua</message>
</record>
<record>
  <date>2015-08-13T09:55:09</date>
  <millis>1439423709621</millis>
  <sequence>56</sequence>
  <logger>ESPlorer.ESPlorer</logger>
  <level>INFO</level>
  <class>ESPlorer.ESPlorer</class>
  <method>log</method>
  <thread>16</thread>
  <message>Loading GamePrefsServerFuncs.lua: Success.</message>
</record>
<record>
  <date>2015-08-13T09:55:09</date>
  <millis>1439423709621</millis>
  <sequence>57</sequence>
  <logger>ESPlorer.ESPlorer</logger>
  <level>INFO</level>
  <class>ESPlorer.ESPlorer</class>
  <method>log</method>
  <thread>16</thread>
  <message>Open "GamePrefsServerFuncs.lua": Success.</message>
</record>
<record>
  <date>2015-08-13T09:55:12</date>
  <millis>1439423712290</millis>
  <sequence>58</sequence>
  <logger>ESPlorer.ESPlorer</logger>
  <level>INFO</level>
  <class>ESPlorer.ESPlorer</class>
  <method>log</method>
  <thread>16</thread>
  <message>Try to open file gamePrefs.lua</message>
</record>
<record>
  <date>2015-08-13T09:55:12</date>
  <millis>1439423712291</millis>
  <sequence>59</sequence>
  <logger>ESPlorer.ESPlorer</logger>
  <level>INFO</level>
  <class>ESPlorer.ESPlorer</class>
  <method>log</method>
  <thread>16</thread>
  <message>File name: C:\Users\lbrown53\Documents\MainProject\ESPlorer\_lua\gamePrefs.lua</message>
</record>
<record>
  <date>2015-08-13T09:55:12</date>
  <millis>1439423712292</millis>
  <sequence>60</sequence>
  <logger>ESPlorer.ESPlorer</logger>
  <level>INFO</level>
  <class>ESPlorer.ESPlorer</class>
  <method>log</method>
  <thread>16</thread>
  <message>Try to load file gamePrefs.lua</message>
</record>
<record>
  <date>2015-08-13T09:55:12</date>
  <millis>1439423712306</millis>
  <sequence>61</sequence>
  <logger>ESPlorer.ESPlorer</logger>
  <level>INFO</level>
  <class>ESPlorer.ESPlorer</class>
  <method>log</method>
  <thread>16</thread>
  <message>Loading gamePrefs.lua: Success.</message>
</record>
<record>
  <date>2015-08-13T09:55:12</date>
  <millis>1439423712307</millis>
  <sequence>62</sequence>
  <logger>ESPlorer.ESPlorer</logger>
  <level>INFO</level>
  <class>ESPlorer.ESPlorer</class>
  <method>log</method>
  <thread>16</thread>
  <message>Open "gamePrefs.lua": Success.</message>
</record>
<record>
  <date>2015-08-13T10:04:24</date>
  <millis>1439424264337</millis>
  <sequence>63</sequence>
  <logger>ESPlorer.ESPlorer</logger>
  <level>INFO</level>
  <class>ESPlorer.ESPlorer</class>
  <method>log</method>
  <thread>16</thread>
  <message>We save known file gamePrefs.lua</message>
</record>
<record>
  <date>2015-08-13T10:04:24</date>
  <millis>1439424264338</millis>
  <sequence>64</sequence>
  <logger>ESPlorer.ESPlorer</logger>
  <level>INFO</level>
  <class>ESPlorer.ESPlorer</class>
  <method>log</method>
  <thread>16</thread>
  <message>Try to saving file gamePrefs.lua ...</message>
</record>
<record>
  <date>2015-08-13T10:04:24</date>
  <millis>1439424264342</millis>
  <sequence>65</sequence>
  <logger>ESPlorer.ESPlorer</logger>
  <level>INFO</level>
  <class>ESPlorer.ESPlorer</class>
  <method>log</method>
  <thread>16</thread>
  <message>Save file gamePrefs.lua: Success.</message>
</record>
<record>
  <date>2015-08-13T10:04:24</date>
  <millis>1439424264345</millis>
  <sequence>66</sequence>
  <logger>ESPlorer.ESPlorer</logger>
  <level>INFO</level>
  <class>ESPlorer.ESPlorer</class>
  <method>log</method>
  <thread>16</thread>
  <message>FileSaveESP: Serial port not open. Cancel.</message>
</record>
<record>
  <date>2015-08-13T10:42:37</date>
  <millis>1439426557818</millis>
  <sequence>67</sequence>
  <logger>ESPlorer.ESPlorer</logger>
  <level>INFO</level>
  <class>ESPlorer.ESPlorer</class>
  <method>log</method>
  <thread>16</thread>
  <message>We save known file gamePrefs.lua</message>
</record>
<record>
  <date>2015-08-13T10:42:37</date>
  <millis>1439426557819</millis>
  <sequence>68</sequence>
  <logger>ESPlorer.ESPlorer</logger>
  <level>INFO</level>
  <class>ESPlorer.ESPlorer</class>
  <method>log</method>
  <thread>16</thread>
  <message>Try to saving file gamePrefs.lua ...</message>
</record>
<record>
  <date>2015-08-13T10:42:37</date>
  <millis>1439426557821</millis>
  <sequence>69</sequence>
  <logger>ESPlorer.ESPlorer</logger>
  <level>INFO</level>
  <class>ESPlorer.ESPlorer</class>
  <method>log</method>
  <thread>16</thread>
  <message>Save file gamePrefs.lua: Success.</message>
</record>
<record>
  <date>2015-08-13T10:42:37</date>
  <millis>1439426557825</millis>
  <sequence>70</sequence>
  <logger>ESPlorer.ESPlorer</logger>
  <level>INFO</level>
  <class>ESPlorer.ESPlorer</class>
  <method>log</method>
  <thread>16</thread>
  <message>FileSaveESP: Serial port not open. Cancel.</message>
</record>
<record>
  <date>2015-08-13T11:54:56</date>
  <millis>1439430896699</millis>
  <sequence>71</sequence>
  <logger>ESPlorer.ESPlorer</logger>
  <level>INFO</level>
  <class>ESPlorer.ESPlorer</class>
  <method>log</method>
  <thread>16</thread>
  <message>We save known file ServerFuncs1.lua</message>
</record>
<record>
  <date>2015-08-13T11:54:56</date>
  <millis>1439430896700</millis>
  <sequence>72</sequence>
  <logger>ESPlorer.ESPlorer</logger>
  <level>INFO</level>
  <class>ESPlorer.ESPlorer</class>
  <method>log</method>
  <thread>16</thread>
  <message>Try to saving file ServerFuncs1.lua ...</message>
</record>
<record>
  <date>2015-08-13T11:54:56</date>
  <millis>1439430896701</millis>
  <sequence>73</sequence>
  <logger>ESPlorer.ESPlorer</logger>
  <level>INFO</level>
  <class>ESPlorer.ESPlorer</class>
  <method>log</method>
  <thread>16</thread>
  <message>Save file ServerFuncs1.lua: Success.</message>
</record>
<record>
  <date>2015-08-13T11:54:56</date>
  <millis>1439430896704</millis>
  <sequence>74</sequence>
  <logger>ESPlorer.ESPlorer</logger>
  <level>INFO</level>
  <class>ESPlorer.ESPlorer</class>
  <method>log</method>
  <thread>16</thread>
  <message>FileSaveESP: Serial port not open. Cancel.</message>
</record>
<record>
  <date>2015-08-13T11:54:58</date>
  <millis>1439430898571</millis>
  <sequence>75</sequence>
  <logger>ESPlorer.ESPlorer</logger>
  <level>INFO</level>
  <class>ESPlorer.ESPlorer</class>
  <method>log</method>
  <thread>16</thread>
  <message>We save known file ServerFuncs1.lua</message>
</record>
<record>
  <date>2015-08-13T11:54:58</date>
  <millis>1439430898572</millis>
  <sequence>76</sequence>
  <logger>ESPlorer.ESPlorer</logger>
  <level>INFO</level>
  <class>ESPlorer.ESPlorer</class>
  <method>log</method>
  <thread>16</thread>
  <message>Try to saving file ServerFuncs1.lua ...</message>
</record>
<record>
  <date>2015-08-13T11:54:58</date>
  <millis>1439430898574</millis>
  <sequence>77</sequence>
  <logger>ESPlorer.ESPlorer</logger>
  <level>INFO</level>
  <class>ESPlorer.ESPlorer</class>
  <method>log</method>
  <thread>16</thread>
  <message>Save file ServerFuncs1.lua: Success.</message>
</record>
<record>
  <date>2015-08-13T11:54:58</date>
  <millis>1439430898577</millis>
  <sequence>78</sequence>
  <logger>ESPlorer.ESPlorer</logger>
  <level>INFO</level>
  <class>ESPlorer.ESPlorer</class>
  <method>log</method>
  <thread>16</thread>
  <message>FileSaveESP: Serial port not open. Cancel.</message>
</record>
<record>
  <date>2015-08-13T11:54:59</date>
  <millis>1439430899723</millis>
  <sequence>79</sequence>
  <logger>ESPlorer.ESPlorer</logger>
  <level>INFO</level>
  <class>ESPlorer.ESPlorer</class>
  <method>log</method>
  <thread>16</thread>
  <message>FileTab removed: Success.</message>
</record>
<record>
  <date>2015-08-13T11:54:59</date>
  <millis>1439430899724</millis>
  <sequence>80</sequence>
  <logger>ESPlorer.ESPlorer</logger>
  <level>INFO</level>
  <class>ESPlorer.ESPlorer</class>
  <method>log</method>
  <thread>16</thread>
  <message>File close: Success.</message>
</record>
<record>
  <date>2015-08-13T11:54:59</date>
  <millis>1439430899726</millis>
  <sequence>81</sequence>
  <logger>ESPlorer.ESPlorer</logger>
  <level>INFO</level>
  <class>ESPlorer.ESPlorer</class>
  <method>log</method>
  <thread>16</thread>
  <message>FileTab removed: Success.</message>
</record>
<record>
  <date>2015-08-13T11:54:59</date>
  <millis>1439430899727</millis>
  <sequence>82</sequence>
  <logger>ESPlorer.ESPlorer</logger>
  <level>INFO</level>
  <class>ESPlorer.ESPlorer</class>
  <method>log</method>
  <thread>16</thread>
  <message>File close: Success.</message>
</record>
<record>
  <date>2015-08-13T11:54:59</date>
  <millis>1439430899730</millis>
  <sequence>83</sequence>
  <logger>ESPlorer.ESPlorer</logger>
  <level>INFO</level>
  <class>ESPlorer.ESPlorer</class>
  <method>log</method>
  <thread>16</thread>
  <message>FileTab removed: Success.</message>
</record>
<record>
  <date>2015-08-13T11:54:59</date>
  <millis>1439430899731</millis>
  <sequence>84</sequence>
  <logger>ESPlorer.ESPlorer</logger>
  <level>INFO</level>
  <class>ESPlorer.ESPlorer</class>
  <method>log</method>
  <thread>16</thread>
  <message>File close: Success.</message>
</record>
<record>
  <date>2015-08-13T11:54:59</date>
  <millis>1439430899732</millis>
  <sequence>85</sequence>
  <logger>ESPlorer.ESPlorer</logger>
  <level>INFO</level>
  <class>ESPlorer.ESPlorer</class>
  <method>log</method>
  <thread>16</thread>
  <message>File changed. Ask before closing.</message>
</record>
<record>
  <date>2015-08-13T11:55:01</date>
  <millis>1439430901072</millis>
  <sequence>86</sequence>
  <logger>ESPlorer.ESPlorer</logger>
  <level>INFO</level>
  <class>ESPlorer.ESPlorer</class>
  <method>log</method>
  <thread>16</thread>
  <message>We save known file gamePrefs.lua</message>
</record>
<record>
  <date>2015-08-13T11:55:01</date>
  <millis>1439430901073</millis>
  <sequence>87</sequence>
  <logger>ESPlorer.ESPlorer</logger>
  <level>INFO</level>
  <class>ESPlorer.ESPlorer</class>
  <method>log</method>
  <thread>16</thread>
  <message>Try to saving file gamePrefs.lua ...</message>
</record>
<record>
  <date>2015-08-13T11:55:01</date>
  <millis>1439430901075</millis>
  <sequence>88</sequence>
  <logger>ESPlorer.ESPlorer</logger>
  <level>INFO</level>
  <class>ESPlorer.ESPlorer</class>
  <method>log</method>
  <thread>16</thread>
  <message>Save file gamePrefs.lua: Success.</message>
</record>
<record>
  <date>2015-08-13T11:55:01</date>
  <millis>1439430901079</millis>
  <sequence>89</sequence>
  <logger>ESPlorer.ESPlorer</logger>
  <level>INFO</level>
  <class>ESPlorer.ESPlorer</class>
  <method>log</method>
  <thread>16</thread>
  <message>FileTab removed: Success.</message>
</record>
<record>
  <date>2015-08-13T11:55:01</date>
  <millis>1439430901080</millis>
  <sequence>90</sequence>
  <logger>ESPlorer.ESPlorer</logger>
  <level>INFO</level>
  <class>ESPlorer.ESPlorer</class>
  <method>log</method>
  <thread>16</thread>
  <message>File close: Success.</message>
</record>
<record>
  <date>2015-08-13T11:55:01</date>
  <millis>1439430901083</millis>
  <sequence>91</sequence>
  <logger>ESPlorer.ESPlorer</logger>
  <level>INFO</level>
  <class>ESPlorer.ESPlorer</class>
  <method>log</method>
  <thread>16</thread>
  <message>FileTab removed: Success.</message>
</record>
<record>
  <date>2015-08-13T11:55:01</date>
  <millis>1439430901084</millis>
  <sequence>92</sequence>
  <logger>ESPlorer.ESPlorer</logger>
  <level>INFO</level>
  <class>ESPlorer.ESPlorer</class>
  <method>log</method>
  <thread>16</thread>
  <message>File close: Success.</message>
</record>
<record>
  <date>2015-08-13T11:55:01</date>
  <millis>1439430901087</millis>
  <sequence>93</sequence>
  <logger>ESPlorer.ESPlorer</logger>
  <level>INFO</level>
  <class>ESPlorer.ESPlorer</class>
  <method>log</method>
  <thread>16</thread>
  <message>FileTab removed: Success.</message>
</record>
<record>
  <date>2015-08-13T11:55:01</date>
  <millis>1439430901088</millis>
  <sequence>94</sequence>
  <logger>ESPlorer.ESPlorer</logger>
  <level>INFO</level>
  <class>ESPlorer.ESPlorer</class>
  <method>log</method>
  <thread>16</thread>
  <message>File close: Success.</message>
</record>
<record>
  <date>2015-08-13T11:55:01</date>
  <millis>1439430901091</millis>
  <sequence>95</sequence>
  <logger>ESPlorer.ESPlorer</logger>
  <level>INFO</level>
  <class>ESPlorer.ESPlorer</class>
  <method>log</method>
  <thread>16</thread>
  <message>FileTab removed: Success.</message>
</record>
<record>
  <date>2015-08-13T11:55:01</date>
  <millis>1439430901092</millis>
  <sequence>96</sequence>
  <logger>ESPlorer.ESPlorer</logger>
  <level>INFO</level>
  <class>ESPlorer.ESPlorer</class>
  <method>log</method>
  <thread>16</thread>
  <message>File close: Success.</message>
</record>
<record>
  <date>2015-08-13T11:55:01</date>
  <millis>1439430901094</millis>
  <sequence>97</sequence>
  <logger>ESPlorer.ESPlorer</logger>
  <level>INFO</level>
  <class>ESPlorer.ESPlorer</class>
  <method>log</method>
  <thread>16</thread>
  <message>FileTab removed: Success.</message>
</record>
<record>
  <date>2015-08-13T11:55:01</date>
  <millis>1439430901096</millis>
  <sequence>98</sequence>
  <logger>ESPlorer.ESPlorer</logger>
  <level>INFO</level>
  <class>ESPlorer.ESPlorer</class>
  <method>log</method>
  <thread>16</thread>
  <message>File close: Success.</message>
</record>
<record>
  <date>2015-08-13T11:55:01</date>
  <millis>1439430901099</millis>
  <sequence>99</sequence>
  <logger>ESPlorer.ESPlorer</logger>
  <level>INFO</level>
  <class>ESPlorer.ESPlorer</class>
  <method>log</method>
  <thread>16</thread>
  <message>FileTab removed: Success.</message>
</record>
<record>
  <date>2015-08-13T11:55:01</date>
  <millis>1439430901100</millis>
  <sequence>100</sequence>
  <logger>ESPlorer.ESPlorer</logger>
  <level>INFO</level>
  <class>ESPlorer.ESPlorer</class>
  <method>log</method>
  <thread>16</thread>
  <message>File close: Success.</message>
</record>
<record>
  <date>2015-08-13T11:55:01</date>
  <millis>1439430901101</millis>
  <sequence>101</sequence>
  <logger>ESPlorer.ESPlorer</logger>
  <level>INFO</level>
  <class>ESPlorer.ESPlorer</class>
  <method>log</method>
  <thread>16</thread>
  <message>File changed. Ask before closing.</message>
</record>
<record>
  <date>2015-08-13T11:55:02</date>
  <millis>1439430902055</millis>
  <sequence>102</sequence>
  <logger>ESPlorer.ESPlorer</logger>
  <level>INFO</level>
  <class>ESPlorer.ESPlorer</class>
  <method>log</method>
  <thread>16</thread>
  <message>We save known file init.lua</message>
</record>
<record>
  <date>2015-08-13T11:55:02</date>
  <millis>1439430902056</millis>
  <sequence>103</sequence>
  <logger>ESPlorer.ESPlorer</logger>
  <level>INFO</level>
  <class>ESPlorer.ESPlorer</class>
  <method>log</method>
  <thread>16</thread>
  <message>Try to saving file init.lua ...</message>
</record>
<record>
  <date>2015-08-13T11:55:02</date>
  <millis>1439430902058</millis>
  <sequence>104</sequence>
  <logger>ESPlorer.ESPlorer</logger>
  <level>INFO</level>
  <class>ESPlorer.ESPlorer</class>
  <method>log</method>
  <thread>16</thread>
  <message>Save file init.lua: Success.</message>
</record>
<record>
  <date>2015-08-13T11:55:02</date>
  <millis>1439430902087</millis>
  <sequence>105</sequence>
  <logger>ESPlorer.ESPlorer</logger>
  <level>INFO</level>
  <class>ESPlorer.ESPlorer</class>
  <method>log</method>
  <thread>16</thread>
  <message>FileTab cleared: Success.</message>
</record>
<record>
  <date>2015-08-13T11:55:02</date>
  <millis>1439430902088</millis>
  <sequence>106</sequence>
  <logger>ESPlorer.ESPlorer</logger>
  <level>INFO</level>
  <class>ESPlorer.ESPlorer</class>
  <method>log</method>
  <thread>16</thread>
  <message>File close: Success.</message>
</record>
</log>
